<?xml version="1.0" encoding="UTF-8"?>
<!-- Generated by org.testng.reporters.JUnitReportReporter -->
<testsuite hostname="SanPC" failures="0" tests="3" name="crossBrowser.CrossBrowserTestingDemo" time="28.304" errors="0" timestamp="2023-09-18T15:23:31 IST" skipped="0">
  <testcase classname="crossBrowser.CrossBrowserTestingDemo" name="citiLogin" time="9.320"/>
  <testcase classname="crossBrowser.CrossBrowserTestingDemo" name="citiLogin" time="10.728"/>
  <testcase classname="crossBrowser.CrossBrowserTestingDemo" name="citiLogin" time="8.256"/>
</testsuite> <!-- crossBrowser.CrossBrowserTestingDemo -->
