<?xml version="1.0" encoding="UTF-8"?>
<!-- Generated by org.testng.reporters.JUnitReportReporter -->
<testsuite hostname="SanPC" failures="0" tests="3" name="crossBrowser.CrossBrowserTestingDemo" time="34.078" errors="0" timestamp="2023-10-09T21:27:10 IST" skipped="0">
  <testcase classname="crossBrowser.CrossBrowserTestingDemo" name="citiLogin" time="9.972"/>
  <testcase classname="crossBrowser.CrossBrowserTestingDemo" name="citiLogin" time="11.882"/>
  <testcase classname="crossBrowser.CrossBrowserTestingDemo" name="citiLogin" time="12.224"/>
</testsuite> <!-- crossBrowser.CrossBrowserTestingDemo -->
